<?xml version="1.0" encoding="UTF-8"?>
<testng-results ignored="0" total="1" passed="1" failed="0" skipped="0">
  <reporter-output>
  </reporter-output>
  <suite started-at="2022-04-16T20:04:08 WAT" name="Default suite" finished-at="2022-04-16T20:04:08 WAT" duration-ms="81">
    <groups>
    </groups>
    <test started-at="2022-04-16T20:04:08 WAT" name="Default test" finished-at="2022-04-16T20:04:08 WAT" duration-ms="81">
      <class name="test.day1">
        <test-method signature="Demo()[pri:0, instance:test.day1@6dbb137d]" started-at="2022-04-16T20:04:08 WAT" name="Demo" finished-at="2022-04-16T20:04:08 WAT" duration-ms="14" status="PASS">
          <reporter-output>
          </reporter-output>
        </test-method> <!-- Demo -->
      </class> <!-- test.day1 -->
    </test> <!-- Default test -->
  </suite> <!-- Default suite -->
</testng-results>
