<?xml version="1.0" encoding="UTF-8"?>
<!-- Generated by org.testng.reporters.JUnitXMLReporter -->
<testsuite ignored="2" hostname="Sammy" failures="0" tests="1" name="Home Loan" time="0.005" errors="0" timestamp="2022-04-16T22:25:21 WAT">
  <testcase classname="test.day4" name="WebloginHomeLoan" time="0.002"/>
  <testcase classname="test.day4" name="APIloginHomeLoan" time="0.0">
    <ignored/>
  </testcase> <!-- APIloginHomeLoan -->
  <testcase classname="test.day4" name="MobileloginHomeLoan" time="0.0">
    <ignored/>
  </testcase> <!-- MobileloginHomeLoan -->
</testsuite> <!-- Home Loan -->
