<?xml version="1.0" encoding="UTF-8"?>
<testng-results ignored="0" total="3" passed="3" failed="0" skipped="0">
  <reporter-output>
  </reporter-output>
  <suite started-at="2022-03-25T17:35:07 WAT" name="Default suite" finished-at="2022-03-25T17:35:12 WAT" duration-ms="5689">
    <groups>
    </groups>
    <test started-at="2022-03-25T17:35:07 WAT" name="Default test" finished-at="2022-03-25T17:35:12 WAT" duration-ms="5689">
      <class name="files.DynamicJson">
        <test-method signature="addBook(java.lang.String,java.lang.String)[pri:0, instance:files.DynamicJson@20d28811]" started-at="2022-03-25T17:35:07 WAT" name="addBook" data-provider="BooksData" finished-at="2022-03-25T17:35:11 WAT" duration-ms="3989" status="PASS">
          <params>
            <param index="0">
              <value>
                <![CDATA[dsdds]]>
              </value>
            </param>
            <param index="1">
              <value>
                <![CDATA[2343]]>
              </value>
            </param>
          </params>
          <reporter-output>
          </reporter-output>
        </test-method> <!-- addBook -->
        <test-method signature="addBook(java.lang.String,java.lang.String)[pri:0, instance:files.DynamicJson@20d28811]" started-at="2022-03-25T17:35:11 WAT" name="addBook" data-provider="BooksData" finished-at="2022-03-25T17:35:12 WAT" duration-ms="979" status="PASS">
          <params>
            <param index="0">
              <value>
                <![CDATA[lkjjfhj]]>
              </value>
            </param>
            <param index="1">
              <value>
                <![CDATA[6798]]>
              </value>
            </param>
          </params>
          <reporter-output>
          </reporter-output>
        </test-method> <!-- addBook -->
        <test-method signature="addBook(java.lang.String,java.lang.String)[pri:0, instance:files.DynamicJson@20d28811]" started-at="2022-03-25T17:35:12 WAT" name="addBook" data-provider="BooksData" finished-at="2022-03-25T17:35:12 WAT" duration-ms="625" status="PASS">
          <params>
            <param index="0">
              <value>
                <![CDATA[vxccbm]]>
              </value>
            </param>
            <param index="1">
              <value>
                <![CDATA[1209]]>
              </value>
            </param>
          </params>
          <reporter-output>
          </reporter-output>
        </test-method> <!-- addBook -->
      </class> <!-- files.DynamicJson -->
    </test> <!-- Default test -->
  </suite> <!-- Default suite -->
</testng-results>
