<?xml version="1.0" encoding="UTF-8"?>
<testng-results ignored="0" total="1" passed="1" failed="0" skipped="0">
  <reporter-output>
  </reporter-output>
  <suite started-at="2022-03-20T08:42:06 WAT" name="Default suite" finished-at="2022-03-20T08:42:08 WAT" duration-ms="2296">
    <groups>
    </groups>
    <test started-at="2022-03-20T08:42:06 WAT" name="Default test" finished-at="2022-03-20T08:42:08 WAT" duration-ms="2296">
      <class name="SumValidation">
        <test-method signature="sumOfCourses()[pri:0, instance:SumValidation@2b6faea6]" started-at="2022-03-20T08:42:06 WAT" name="sumOfCourses" finished-at="2022-03-20T08:42:08 WAT" duration-ms="2237" status="PASS">
          <reporter-output>
          </reporter-output>
        </test-method> <!-- sumOfCourses -->
      </class> <!-- SumValidation -->
    </test> <!-- Default test -->
  </suite> <!-- Default suite -->
</testng-results>
